{"uid":"9c9a1f2a2dc620f0","name":"test_guest_cant_see_success_message_after_adding_product_to_basket","fullName":"pytestdemo.test_product_page#test_guest_cant_see_success_message_after_adding_product_to_basket","historyId":"a95876cf7f21350f8ccb6a737edc7c80","time":{"start":1725718463604,"stop":1725718466591,"duration":2987},"status":"skipped","statusMessage":"XFAIL\n\nAssertionError: Guest doesn't see add's tab","statusTrace":"browser = <selenium.webdriver.chrome.webdriver.WebDriver (session=\"8ddfaa45902070ff57073e74e8f4d6db\")>\n\n    @pytest.mark.xfail\n    def test_guest_cant_see_success_message_after_adding_product_to_basket(browser):\n        page = ProductPage(browser,  \"http://selenium1py.pythonanywhere.com/catalogue/coders-at-work_207/?promo=offer0\")\n        page.open()\n        page.add_product_to_bucket()\n        page.solve_quiz_and_get_code()\n>       page.book_was_added_tab()\n\npytestdemo\\test_product_page.py:32: \n_ _ _ _ _ _ _ _ _ _ _ _ _ _ _ _ _ _ _ _ _ _ _ _ _ _ _ _ _ _ _ _ _ _ _ _ _ _ _ _\n\nself = <pytestdemo.pages.product_page.ProductPage object at 0x000001B60D82CEE0>\n\n    def book_was_added_tab(self):\n>       assert self.is_not_element_present(*BucketPageLocators.BOOK_ADDED), \"Guest doesn't see add's tab\"\nE       AssertionError: Guest doesn't see add's tab\n\npytestdemo\\pages\\product_page.py:37: AssertionError","flaky":false,"newFailed":false,"newBroken":false,"newPassed":false,"retriesCount":0,"retriesStatusChange":false,"beforeStages":[{"name":"_session_faker","time":{"start":1725718432203,"stop":1725718432300,"duration":97},"status":"passed","steps":[],"attachments":[],"parameters":[],"hasContent":false,"attachmentStep":false,"stepsCount":0,"attachmentsCount":0,"shouldDisplayMessage":false},{"name":"browser","time":{"start":1725718462485,"stop":1725718463603,"duration":1118},"status":"passed","steps":[],"attachments":[],"parameters":[],"hasContent":false,"attachmentStep":false,"stepsCount":0,"attachmentsCount":0,"shouldDisplayMessage":false}],"testStage":{"status":"skipped","statusMessage":"XFAIL\n\nAssertionError: Guest doesn't see add's tab","statusTrace":"browser = <selenium.webdriver.chrome.webdriver.WebDriver (session=\"8ddfaa45902070ff57073e74e8f4d6db\")>\n\n    @pytest.mark.xfail\n    def test_guest_cant_see_success_message_after_adding_product_to_basket(browser):\n        page = ProductPage(browser,  \"http://selenium1py.pythonanywhere.com/catalogue/coders-at-work_207/?promo=offer0\")\n        page.open()\n        page.add_product_to_bucket()\n        page.solve_quiz_and_get_code()\n>       page.book_was_added_tab()\n\npytestdemo\\test_product_page.py:32: \n_ _ _ _ _ _ _ _ _ _ _ _ _ _ _ _ _ _ _ _ _ _ _ _ _ _ _ _ _ _ _ _ _ _ _ _ _ _ _ _\n\nself = <pytestdemo.pages.product_page.ProductPage object at 0x000001B60D82CEE0>\n\n    def book_was_added_tab(self):\n>       assert self.is_not_element_present(*BucketPageLocators.BOOK_ADDED), \"Guest doesn't see add's tab\"\nE       AssertionError: Guest doesn't see add's tab\n\npytestdemo\\pages\\product_page.py:37: AssertionError","steps":[],"attachments":[{"uid":"2e60caca5383dc88","name":"stdout","source":"2e60caca5383dc88.txt","type":"text/plain","size":75}],"parameters":[],"hasContent":true,"attachmentStep":false,"stepsCount":0,"attachmentsCount":1,"shouldDisplayMessage":true},"afterStages":[{"name":"browser::0","time":{"start":1725718466596,"stop":1725718468679,"duration":2083},"status":"passed","steps":[],"attachments":[],"parameters":[],"hasContent":false,"attachmentStep":false,"stepsCount":0,"attachmentsCount":0,"shouldDisplayMessage":false}],"labels":[{"name":"tag","value":"@pytest.mark.xfail"},{"name":"parentSuite","value":"pytestdemo"},{"name":"suite","value":"test_product_page"},{"name":"host","value":"vbosomykin"},{"name":"thread","value":"22640-MainThread"},{"name":"framework","value":"pytest"},{"name":"language","value":"cpython3"},{"name":"package","value":"pytestdemo.test_product_page"},{"name":"resultFormat","value":"allure2"}],"parameters":[],"links":[],"hidden":false,"retry":false,"extra":{"severity":"normal","retries":[],"categories":[],"tags":["@pytest.mark.xfail"]},"source":"9c9a1f2a2dc620f0.json","parameterValues":[]}