{"name": "Guest can't see success message after adding product to basket", "status": "skipped", "statusDetails": {"message": "XFAIL\n\nAssertionError: Guest doesn't see add's tab", "trace": "browser = <selenium.webdriver.chrome.webdriver.WebDriver (session=\"7b2db90a4605bbe9351e8254a0ef3f2e\")>\n\n    @allure.title(\"Guest can't see success message after adding product to basket\")\n    @allure.severity(allure.severity_level.NORMAL)\n    @pytest.mark.xfail\n    def test_guest_cant_see_success_message_after_adding_product_to_basket(browser):\n        page = ProductPage(browser,  \"http://selenium1py.pythonanywhere.com/catalogue/coders-at-work_207/?promo=offer0\")\n        with allure.step(\"Open Main Page\"):\n            page.open()\n        with allure.step(\"Add product to bucket\"):\n            page.add_product_to_bucket()\n        with allure.step(\"Solve quiz\"):\n            page.solve_quiz_and_get_code()\n        with allure.step(\"Book was added tab\"):\n>           page.book_was_added_tab()\n\ntest_product_page.py:49: \n_ _ _ _ _ _ _ _ _ _ _ _ _ _ _ _ _ _ _ _ _ _ _ _ _ _ _ _ _ _ _ _ _ _ _ _ _ _ _ _ _ _ _ _ _ _ _ _ _ _ _ _ _ _ _ _ _ _ _ _ _ _ _ _ _ _ _ _ _ _ _ _ _ _ _ _ _ _ _ _ _ _ _ _ _ _ _ _ _ _ _ _ _ _ _ _ _ _ _ _ _ _ _ _ _ _ _ _ _ _ _ _ _ _ _ _ _ _ _ _ _ _ _ _ _ _ _ _ _ _ _ _ _ _ _ _ _ _ _ _ _ _ _ _ _ _ _ _ _ _ _ _ _ _\n\nself = <pytestdemo.pages.product_page.ProductPage object at 0x000001FEB632DAF0>\n\n    def book_was_added_tab(self):\n>       assert self.is_not_element_present(*BucketPageLocators.BOOK_ADDED), \"Guest doesn't see add's tab\"\nE       AssertionError: Guest doesn't see add's tab\n\npages\\product_page.py:37: AssertionError"}, "steps": [{"name": "Open Main Page", "status": "passed", "start": 1726913285159, "stop": 1726913286952}, {"name": "Add product to bucket", "status": "passed", "start": 1726913286952, "stop": 1726913287000}, {"name": "Solve quiz", "status": "passed", "start": 1726913287000, "stop": 1726913287986}, {"name": "Book was added tab", "status": "failed", "statusDetails": {"message": "AssertionError: Guest doesn't see add's tab\n", "trace": "  File \"E:\\pythonProject\\pytestdemo\\test_product_page.py\", line 49, in test_guest_cant_see_success_message_after_adding_product_to_basket\n    page.book_was_added_tab()\n  File \"E:\\pythonProject\\pytestdemo\\pages\\product_page.py\", line 37, in book_was_added_tab\n    assert self.is_not_element_present(*BucketPageLocators.BOOK_ADDED), \"Guest doesn't see add's tab\"\n"}, "start": 1726913287986, "stop": 1726913287997}], "attachments": [{"name": "stdout", "source": "6f9ff3f8-1539-434f-882b-edbc5cf76510-attachment.txt", "type": "text/plain"}], "start": 1726913285158, "stop": 1726913287998, "uuid": "61add49c-87f2-4bf4-ba3f-c30c2c498553", "historyId": "a95876cf7f21350f8ccb6a737edc7c80", "testCaseId": "a95876cf7f21350f8ccb6a737edc7c80", "fullName": "pytestdemo.test_product_page#test_guest_cant_see_success_message_after_adding_product_to_basket", "labels": [{"name": "severity", "value": "normal"}, {"name": "tag", "value": "@pytest.mark.xfail"}, {"name": "parentSuite", "value": "pytestdemo"}, {"name": "suite", "value": "test_product_page"}, {"name": "host", "value": "vbosomykin"}, {"name": "thread", "value": "6452-MainThread"}, {"name": "framework", "value": "pytest"}, {"name": "language", "value": "cpython3"}, {"name": "package", "value": "pytestdemo.test_product_page"}]}