{"name": "Message disappeared after adding product to basket", "status": "skipped", "statusDetails": {"message": "XFAIL\n\nAssertionError: Add's tab doesn't disapperead", "trace": "browser = <selenium.webdriver.chrome.webdriver.WebDriver (session=\"d08c4f387c89955c207aa5bc92d95948\")>\n\n    @allure.title(\"Message disappeared after adding product to basket\")\n    @allure.severity(allure.severity_level.NORMAL)\n    @pytest.mark.xfail\n    def test_message_disappeared_after_adding_product_to_basket(browser):\n        page = ProductPage(browser, \"http://selenium1py.pythonanywhere.com/catalogue/coders-at-work_207/?promo=offer0\")\n        with allure.step(\"Open Main Page\"):\n            page.open()\n        with allure.step(\"Add product to bucket\"):\n            page.add_product_to_bucket()\n        with allure.step(\"Solve quiz\"):\n            page.solve_quiz_and_get_code()\n        with allure.step('Bool tab disappeared'):\n>           page.book_tab_disappeared()\n\ntest_product_page.py:72: \n_ _ _ _ _ _ _ _ _ _ _ _ _ _ _ _ _ _ _ _ _ _ _ _ _ _ _ _ _ _ _ _ _ _ _ _ _ _ _ _ _ _ _ _ _ _ _ _ _ _ _ _ _ _ _ _ _ _ _ _ _ _ _ _ _ _ _ _ _ _ _ _ _ _ _ _ _ _ _ _ _ _ _ _ _ _ _ _ _ _ _ _ _ _ _ _ _ _ _ _ _ _ _ _ _ _ _ _ _ _ _ _ _ _ _ _ _ _ _ _ _ _ _ _ _ _ _ _ _ _ _ _ _ _ _ _ _ _ _ _ _ _ _ _ _ _ _ _ _ _ _ _ _ _\n\nself = <pytestdemo.pages.product_page.ProductPage object at 0x000001F6C23026A0>\n\n>   ???\nE   AssertionError: Add's tab doesn't disapperead\n\npages\\product_page.py:38: AssertionError"}, "steps": [{"name": "Open Main Page", "status": "passed", "start": 1726913160111, "stop": 1726913162171}, {"name": "Add product to bucket", "status": "passed", "start": 1726913162171, "stop": 1726913162221}, {"name": "Solve quiz", "status": "passed", "start": 1726913162221, "stop": 1726913164181}, {"name": "Bool tab disappeared", "status": "failed", "statusDetails": {"message": "AssertionError: Add's tab doesn't disapperead\n", "trace": "  File \"E:\\pythonProject\\pytestdemo\\test_product_page.py\", line 72, in test_message_disappeared_after_adding_product_to_basket\n    page.book_tab_disappeared()\n  File \"E:\\pythonProject\\pytestdemo\\pages\\product_page.py\", line 38, in book_tab_disappeared\n"}, "start": 1726913164181, "stop": 1726913168241}], "attachments": [{"name": "stdout", "source": "ea065ea4-0d8c-45c4-9705-715eceb12111-attachment.txt", "type": "text/plain"}], "start": 1726913160111, "stop": 1726913168241, "uuid": "c4226a6a-e0fa-4478-afb0-8adc69676b8c", "historyId": "774f30df8a3fb838a68dfd6e922a93bc", "testCaseId": "774f30df8a3fb838a68dfd6e922a93bc", "fullName": "pytestdemo.test_product_page#test_message_disappeared_after_adding_product_to_basket", "labels": [{"name": "severity", "value": "normal"}, {"name": "tag", "value": "@pytest.mark.xfail"}, {"name": "parentSuite", "value": "pytestdemo"}, {"name": "suite", "value": "test_product_page"}, {"name": "host", "value": "vbosomykin"}, {"name": "thread", "value": "7136-MainThread"}, {"name": "framework", "value": "pytest"}, {"name": "language", "value": "cpython3"}, {"name": "package", "value": "pytestdemo.test_product_page"}]}