{"name": "Guest can't see success message after adding product to basket", "status": "skipped", "statusDetails": {"message": "XFAIL\n\nAssertionError: Guest doesn't see add's tab", "trace": "browser = <selenium.webdriver.remote.webdriver.WebDriver (session=\"48f04af6b29b73ac72c5ff67e29e8b76\")>\n\n    @allure.title(\"Guest can't see success message after adding product to basket\")\n    @allure.severity(allure.severity_level.NORMAL)\n    @pytest.mark.xfail\n    def test_guest_cant_see_success_message_after_adding_product_to_basket(browser):\n        page = ProductPage(browser,  \"http://selenium1py.pythonanywhere.com/catalogue/coders-at-work_207/?promo=offer0\")\n        with allure.step(\"Open Main Page\"):\n            page.open()\n        with allure.step(\"Add product to bucket\"):\n            page.add_product_to_bucket()\n        with allure.step(\"Solve quiz\"):\n            page.solve_quiz_and_get_code()\n        with allure.step(\"Book was added tab\"):\n>           page.book_was_added_tab()\n\ntest_product_page.py:49: \n_ _ _ _ _ _ _ _ _ _ _ _ _ _ _ _ _ _ _ _ _ _ _ _ _ _ _ _ _ _ _ _ _ _ _ _ _ _ _ _ _ _ _ _ _ _ _ _ _ _ _ _ _ _ _ _ _ _ _ _ _ _ _ _ _ _ _ _ _ _ _ _ _ _ _ _ _ _ _ _ _ _ _ _ _ _ _ _ _ _ _ _ _ _ _ _ _ _ _ _ _ _ _ _ _ _ _ _ _ _ _ _ _ _ _ _ _ _ _ _ _ _ _ _ _ _ _ _ _ _ _ _ _ _ _ _ _ _ _ _ _ _ _ _ _ _ _ _ _ _ _ _ _ _\n\nself = <pytestdemo.pages.product_page.ProductPage object at 0x000001A8CDEF4FD0>\n\n    def book_was_added_tab(self):\n>       assert self.is_not_element_present(*BucketPageLocators.BOOK_ADDED), \"Guest doesn't see add's tab\"\nE       AssertionError: Guest doesn't see add's tab\n\npages\\product_page.py:37: AssertionError"}, "steps": [{"name": "Open Main Page", "status": "passed", "start": 1726917718375, "stop": 1726917720587}, {"name": "Add product to bucket", "status": "passed", "start": 1726917720587, "stop": 1726917720656}, {"name": "Solve quiz", "status": "passed", "start": 1726917720656, "stop": 1726917722441}, {"name": "Book was added tab", "status": "failed", "statusDetails": {"message": "AssertionError: Guest doesn't see add's tab\n", "trace": "  File \"E:\\pythonProject\\pytestdemo\\test_product_page.py\", line 49, in test_guest_cant_see_success_message_after_adding_product_to_basket\n    page.book_was_added_tab()\n  File \"E:\\pythonProject\\pytestdemo\\pages\\product_page.py\", line 37, in book_was_added_tab\n    assert self.is_not_element_present(*BucketPageLocators.BOOK_ADDED), \"Guest doesn't see add's tab\"\n"}, "start": 1726917722441, "stop": 1726917722457}], "attachments": [{"name": "stdout", "source": "70a7cca8-6562-43cc-b612-36393d3e693b-attachment.txt", "type": "text/plain"}], "start": 1726917718372, "stop": 1726917722458, "uuid": "8b8de2f8-5b7c-42ba-b568-4bbe01e2ba21", "historyId": "a95876cf7f21350f8ccb6a737edc7c80", "testCaseId": "a95876cf7f21350f8ccb6a737edc7c80", "fullName": "pytestdemo.test_product_page#test_guest_cant_see_success_message_after_adding_product_to_basket", "labels": [{"name": "severity", "value": "normal"}, {"name": "tag", "value": "@pytest.mark.xfail"}, {"name": "parentSuite", "value": "pytestdemo"}, {"name": "suite", "value": "test_product_page"}, {"name": "host", "value": "vbosomykin"}, {"name": "thread", "value": "26136-MainThread"}, {"name": "framework", "value": "pytest"}, {"name": "language", "value": "cpython3"}, {"name": "package", "value": "pytestdemo.test_product_page"}]}