{"name": "test_guest_cant_see_success_message_after_adding_product_to_basket", "status": "skipped", "statusDetails": {"message": "XFAIL\n\nAssertionError: Guest doesn't see add's tab", "trace": "browser = <selenium.webdriver.chrome.webdriver.WebDriver (session=\"8ddfaa45902070ff57073e74e8f4d6db\")>\n\n    @pytest.mark.xfail\n    def test_guest_cant_see_success_message_after_adding_product_to_basket(browser):\n        page = ProductPage(browser,  \"http://selenium1py.pythonanywhere.com/catalogue/coders-at-work_207/?promo=offer0\")\n        page.open()\n        page.add_product_to_bucket()\n        page.solve_quiz_and_get_code()\n>       page.book_was_added_tab()\n\npytestdemo\\test_product_page.py:32: \n_ _ _ _ _ _ _ _ _ _ _ _ _ _ _ _ _ _ _ _ _ _ _ _ _ _ _ _ _ _ _ _ _ _ _ _ _ _ _ _\n\nself = <pytestdemo.pages.product_page.ProductPage object at 0x000001B60D82CEE0>\n\n    def book_was_added_tab(self):\n>       assert self.is_not_element_present(*BucketPageLocators.BOOK_ADDED), \"Guest doesn't see add's tab\"\nE       AssertionError: Guest doesn't see add's tab\n\npytestdemo\\pages\\product_page.py:37: AssertionError"}, "attachments": [{"name": "stdout", "source": "26d35a18-16cd-4905-b44b-7d451e6535df-attachment.txt", "type": "text/plain"}], "start": 1725718463604, "stop": 1725718466591, "uuid": "6f3db32e-fc6b-4f6e-854c-4600bccdeb96", "historyId": "a95876cf7f21350f8ccb6a737edc7c80", "testCaseId": "a95876cf7f21350f8ccb6a737edc7c80", "fullName": "pytestdemo.test_product_page#test_guest_cant_see_success_message_after_adding_product_to_basket", "labels": [{"name": "tag", "value": "@pytest.mark.xfail"}, {"name": "parentSuite", "value": "pytestdemo"}, {"name": "suite", "value": "test_product_page"}, {"name": "host", "value": "vbosomykin"}, {"name": "thread", "value": "22640-MainThread"}, {"name": "framework", "value": "pytest"}, {"name": "language", "value": "cpython3"}, {"name": "package", "value": "pytestdemo.test_product_page"}]}