{"name": "Add product to basket test", "status": "skipped", "statusDetails": {"message": "XFAIL\n\nAssertionError: Wrong book in bucket", "trace": "browser = <selenium.webdriver.chrome.webdriver.WebDriver (session=\"0756c59374c4c2f34cb8e703e64e74cb\")>\nlink = 'http://selenium1py.pythonanywhere.com/catalogue/coders-at-work_207/?promo=offer7'\n\n    @allure.title(\"Add product to basket test\")\n    @allure.severity(allure.severity_level.NORMAL)\n    @pytest.mark.parametrize('link', [\"http://selenium1py.pythonanywhere.com/catalogue/coders-at-work_207/?promo=offer0\",\n                                      \"http://selenium1py.pythonanywhere.com/catalogue/coders-at-work_207/?promo=offer1\",\n                                      \"http://selenium1py.pythonanywhere.com/catalogue/coders-at-work_207/?promo=offer2\",\n                                      \"http://selenium1py.pythonanywhere.com/catalogue/coders-at-work_207/?promo=offer3\",\n                                      \"http://selenium1py.pythonanywhere.com/catalogue/coders-at-work_207/?promo=offer4\",\n                                      \"http://selenium1py.pythonanywhere.com/catalogue/coders-at-work_207/?promo=offer5\",\n                                      \"http://selenium1py.pythonanywhere.com/catalogue/coders-at-work_207/?promo=offer6\",\n                                      pytest.param(\"http://selenium1py.pythonanywhere.com/catalogue/coders-at-work_207/?promo=offer7\", marks=pytest.mark.xfail),\n                                      \"http://selenium1py.pythonanywhere.com/catalogue/coders-at-work_207/?promo=offer8\",\n                                      \"http://selenium1py.pythonanywhere.com/catalogue/coders-at-work_207/?promo=offer9\"])\n    def test_guest_can_add_product_to_basket(browser, link):\n        page = ProductPage(browser,link)\n        with allure.step(\"Open Main Page\"):\n            page.open()\n        with allure.step(\"Add product to basket\"):\n            page.add_product_to_bucket()\n        with allure.step(\"Solve quiz\"):\n            page.solve_quiz_and_get_code()\n        with allure.step(\"Book in benefit\"):\n>           page.book_in_benefit(browser)\n\ntest_product_page.py:26: \n_ _ _ _ _ _ _ _ _ _ _ _ _ _ _ _ _ _ _ _ _ _ _ _ _ _ _ _ _ _ _ _ _ _ _ _ _ _ _ _\n\nself = <pytestdemo.pages.product_page.ProductPage object at 0x0000026F84E233A0>\nbrowser = <selenium.webdriver.chrome.webdriver.WebDriver (session=\"0756c59374c4c2f34cb8e703e64e74cb\")>\n\n    def book_in_benefit(self, browser):\n        assert browser.find_element(*BucketPageLocators.BOOK_PRICE).text[:-1]>= browser.find_element(*BucketPageLocators.BENEFIT_PRICE).text[:-1], \"Wrong benefit price\"\n        assert self.is_element_present(*BucketPageLocators.BACKET_LINK), \"Bucket benefit is not presented\"\n>       assert browser.find_element(*BucketPageLocators.BOOK_NAME_SHOP).text == browser.find_element(*BucketPageLocators.BOOK_NAME_BENEFIT).text, \"Wrong book in bucket\"\nE       AssertionError: Wrong book in bucket\n\npages\\product_page.py:34: AssertionError"}, "steps": [{"name": "Open Main Page", "status": "passed", "start": 1726918219403, "stop": 1726918221717}, {"name": "Add product to basket", "status": "passed", "start": 1726918221718, "stop": 1726918221774}, {"name": "Solve quiz", "status": "passed", "start": 1726918221774, "stop": 1726918222703}, {"name": "Book in benefit", "status": "failed", "statusDetails": {"message": "AssertionError: Wrong book in bucket\n", "trace": "  File \"E:\\pythonProject\\pytestdemo\\test_product_page.py\", line 26, in test_guest_can_add_product_to_basket\n    page.book_in_benefit(browser)\n  File \"E:\\pythonProject\\pytestdemo\\pages\\product_page.py\", line 34, in book_in_benefit\n    assert browser.find_element(*BucketPageLocators.BOOK_NAME_SHOP).text == browser.find_element(*BucketPageLocators.BOOK_NAME_BENEFIT).text, \"Wrong book in bucket\"\n"}, "start": 1726918222703, "stop": 1726918222783}], "attachments": [{"name": "stdout", "source": "0b123cc1-12d1-4c32-8171-2b8d101b567f-attachment.txt", "type": "text/plain"}], "parameters": [{"name": "link", "value": "'http://selenium1py.pythonanywhere.com/catalogue/coders-at-work_207/?promo=offer7'"}], "start": 1726918219401, "stop": 1726918222784, "uuid": "13efc954-9a8f-434a-97b2-658a1c0b347f", "historyId": "d13c677c73de6adda20b3cbba89f3562", "testCaseId": "2f27cee4ae05d309a040ca27fcac198b", "fullName": "pytestdemo.test_product_page#test_guest_can_add_product_to_basket", "labels": [{"name": "severity", "value": "normal"}, {"name": "tag", "value": "@pytest.mark.xfail"}, {"name": "parentSuite", "value": "pytestdemo"}, {"name": "suite", "value": "test_product_page"}, {"name": "host", "value": "vbosomykin"}, {"name": "thread", "value": "14040-MainThread"}, {"name": "framework", "value": "pytest"}, {"name": "language", "value": "cpython3"}, {"name": "package", "value": "pytestdemo.test_product_page"}]}