{"name": "Message disappeared after adding product to basket", "status": "skipped", "statusDetails": {"message": "XFAIL\n\nAssertionError: Add's tab doesn't disapperead", "trace": "browser = <selenium.webdriver.chrome.webdriver.WebDriver (session=\"15a85cc69183c198f094e1c1d20cc003\")>\n\n    @allure.title(\"Message disappeared after adding product to basket\")\n    @allure.severity(allure.severity_level.NORMAL)\n    @pytest.mark.xfail\n    def test_message_disappeared_after_adding_product_to_basket(browser):\n        page = ProductPage(browser, \"http://selenium1py.pythonanywhere.com/catalogue/coders-at-work_207/?promo=offer0\")\n        with allure.step(\"Open Main Page\"):\n            page.open()\n        with allure.step(\"Add product to bucket\"):\n            page.add_product_to_bucket()\n        with allure.step(\"Solve quiz\"):\n            page.solve_quiz_and_get_code()\n        with allure.step('Bool tab disappeared'):\n>           page.book_tab_disappeared()\n\npytestdemo\\test_product_page.py:72: \n_ _ _ _ _ _ _ _ _ _ _ _ _ _ _ _ _ _ _ _ _ _ _ _ _ _ _ _ _ _ _ _ _ _ _ _ _ _ _ _\n\nself = <pytestdemo.pages.product_page.ProductPage object at 0x000002012F777B20>\n\n    def book_tab_disappeared(self):\n>       assert self.is_disappeared(*BucketPageLocators.BOOK_ADDED), \"Add's tab doesn't disapperead\"\nE       AssertionError: Add's tab doesn't disapperead\n\npytestdemo\\pages\\product_page.py:39: AssertionError"}, "steps": [{"name": "Open Main Page", "status": "passed", "start": 1726997414942, "stop": 1726997417827}, {"name": "Add product to bucket", "status": "passed", "start": 1726997417827, "stop": 1726997417876}, {"name": "Solve quiz", "status": "passed", "start": 1726997417876, "stop": 1726997419942}, {"name": "Bool tab disappeared", "status": "failed", "statusDetails": {"message": "AssertionError: Add's tab doesn't disapperead\n", "trace": "  File \"E:\\pythonProject\\pytestdemo\\test_product_page.py\", line 72, in test_message_disappeared_after_adding_product_to_basket\n    page.book_tab_disappeared()\n  File \"E:\\pythonProject\\pytestdemo\\pages\\product_page.py\", line 39, in book_tab_disappeared\n    assert self.is_disappeared(*BucketPageLocators.BOOK_ADDED), \"Add's tab doesn't disapperead\"\n"}, "start": 1726997419942, "stop": 1726997424011}], "attachments": [{"name": "stdout", "source": "e00d0183-287d-478f-a7f4-fd9bfef33812-attachment.txt", "type": "text/plain"}], "start": 1726997414941, "stop": 1726997424012, "uuid": "b69e36f4-ea72-46f3-8317-2c62b6348eda", "historyId": "774f30df8a3fb838a68dfd6e922a93bc", "testCaseId": "774f30df8a3fb838a68dfd6e922a93bc", "fullName": "pytestdemo.test_product_page#test_message_disappeared_after_adding_product_to_basket", "labels": [{"name": "severity", "value": "normal"}, {"name": "tag", "value": "@pytest.mark.xfail"}, {"name": "parentSuite", "value": "pytestdemo"}, {"name": "suite", "value": "test_product_page"}, {"name": "host", "value": "vbosomykin"}, {"name": "thread", "value": "7028-MainThread"}, {"name": "framework", "value": "pytest"}, {"name": "language", "value": "cpython3"}, {"name": "package", "value": "pytestdemo.test_product_page"}]}