{"name": "Add product to basket test", "status": "skipped", "statusDetails": {"message": "XFAIL\n\nAssertionError: Wrong book in bucket", "trace": "browser = <selenium.webdriver.chrome.webdriver.WebDriver (session=\"0bef1636d49db6ec7fb88f64c020f1a2\")>, link = 'http://selenium1py.pythonanywhere.com/catalogue/coders-at-work_207/?promo=offer7'\n\n    @allure.title(\"Add product to basket test\")\n    @allure.severity(allure.severity_level.NORMAL)\n    @pytest.mark.parametrize('link', [\"http://selenium1py.pythonanywhere.com/catalogue/coders-at-work_207/?promo=offer0\",\n                                      \"http://selenium1py.pythonanywhere.com/catalogue/coders-at-work_207/?promo=offer1\",\n                                      \"http://selenium1py.pythonanywhere.com/catalogue/coders-at-work_207/?promo=offer2\",\n                                      \"http://selenium1py.pythonanywhere.com/catalogue/coders-at-work_207/?promo=offer3\",\n                                      \"http://selenium1py.pythonanywhere.com/catalogue/coders-at-work_207/?promo=offer4\",\n                                      \"http://selenium1py.pythonanywhere.com/catalogue/coders-at-work_207/?promo=offer5\",\n                                      \"http://selenium1py.pythonanywhere.com/catalogue/coders-at-work_207/?promo=offer6\",\n                                      pytest.param(\"http://selenium1py.pythonanywhere.com/catalogue/coders-at-work_207/?promo=offer7\", marks=pytest.mark.xfail),\n                                      \"http://selenium1py.pythonanywhere.com/catalogue/coders-at-work_207/?promo=offer8\",\n                                      \"http://selenium1py.pythonanywhere.com/catalogue/coders-at-work_207/?promo=offer9\"])\n    def test_guest_can_add_product_to_basket(browser, link):\n        page = ProductPage(browser,link)\n        with allure.step(\"Open Main Page\"):\n            page.open()\n        with allure.step(\"Add product to basket\"):\n            page.add_product_to_bucket()\n        with allure.step(\"Solve quiz\"):\n            page.solve_quiz_and_get_code()\n        with allure.step(\"Book in benefit\"):\n>           page.book_in_benefit(browser)\n\ntest_product_page.py:26: \n_ _ _ _ _ _ _ _ _ _ _ _ _ _ _ _ _ _ _ _ _ _ _ _ _ _ _ _ _ _ _ _ _ _ _ _ _ _ _ _ _ _ _ _ _ _ _ _ _ _ _ _ _ _ _ _ _ _ _ _ _ _ _ _ _ _ _ _ _ _ _ _ _ _ _ _ _ _ _ _ _ _ _ _ _ _ _ _ _ _ _ _ _ _ _ _ _ _ _ _ _ _ _ _ _ _ _ _ _ _ _ _ _ _ _ _ _ _ _ _ _ _ _ _ _ _ _ _ _ _ _ _ _ _ _ _ _ _ _ _ _ _ _ _ _ _ _ _ _ _ _ _ _ _\n\nself = <pytestdemo.pages.product_page.ProductPage object at 0x000001FEB62F5880>, browser = <selenium.webdriver.chrome.webdriver.WebDriver (session=\"0bef1636d49db6ec7fb88f64c020f1a2\")>\n\n    def book_in_benefit(self, browser):\n        assert browser.find_element(*BucketPageLocators.BOOK_PRICE).text[:-1]>= browser.find_element(*BucketPageLocators.BENEFIT_PRICE).text[:-1], \"Wrong benefit price\"\n        assert self.is_element_present(*BucketPageLocators.BACKET_LINK), \"Bucket benefit is not presented\"\n>       assert browser.find_element(*BucketPageLocators.BOOK_NAME_SHOP).text == browser.find_element(*BucketPageLocators.BOOK_NAME_BENEFIT).text, \"Wrong book in bucket\"\nE       AssertionError: Wrong book in bucket\n\npages\\product_page.py:34: AssertionError"}, "steps": [{"name": "Open Main Page", "status": "passed", "start": 1726913258835, "stop": 1726913261110}, {"name": "Add product to basket", "status": "passed", "start": 1726913261110, "stop": 1726913261164}, {"name": "Solve quiz", "status": "passed", "start": 1726913261164, "stop": 1726913262088}, {"name": "Book in benefit", "status": "failed", "statusDetails": {"message": "AssertionError: Wrong book in bucket\n", "trace": "  File \"E:\\pythonProject\\pytestdemo\\test_product_page.py\", line 26, in test_guest_can_add_product_to_basket\n    page.book_in_benefit(browser)\n  File \"E:\\pythonProject\\pytestdemo\\pages\\product_page.py\", line 34, in book_in_benefit\n    assert browser.find_element(*BucketPageLocators.BOOK_NAME_SHOP).text == browser.find_element(*BucketPageLocators.BOOK_NAME_BENEFIT).text, \"Wrong book in bucket\"\n"}, "start": 1726913262088, "stop": 1726913262161}], "attachments": [{"name": "stdout", "source": "bb426360-9f38-4b7d-b38f-e8a66c8c45a2-attachment.txt", "type": "text/plain"}], "parameters": [{"name": "link", "value": "'http://selenium1py.pythonanywhere.com/catalogue/coders-at-work_207/?promo=offer7'"}], "start": 1726913258834, "stop": 1726913262162, "uuid": "7987b923-fe07-4a48-9b53-3ee41f43076b", "historyId": "d13c677c73de6adda20b3cbba89f3562", "testCaseId": "2f27cee4ae05d309a040ca27fcac198b", "fullName": "pytestdemo.test_product_page#test_guest_can_add_product_to_basket", "labels": [{"name": "severity", "value": "normal"}, {"name": "tag", "value": "@pytest.mark.xfail"}, {"name": "parentSuite", "value": "pytestdemo"}, {"name": "suite", "value": "test_product_page"}, {"name": "host", "value": "vbosomykin"}, {"name": "thread", "value": "6452-MainThread"}, {"name": "framework", "value": "pytest"}, {"name": "language", "value": "cpython3"}, {"name": "package", "value": "pytestdemo.test_product_page"}]}