{"name": "Message disappeared after adding product to basket", "status": "skipped", "statusDetails": {"message": "XFAIL\n\nAssertionError: Add's tab doesn't disapperead", "trace": "browser = <selenium.webdriver.chrome.webdriver.WebDriver (session=\"edeaf70722415fecac240b3b1880da11\")>\n\n    @allure.title(\"Message disappeared after adding product to basket\")\n    @allure.severity(allure.severity_level.NORMAL)\n    @pytest.mark.xfail\n    def test_message_disappeared_after_adding_product_to_basket(browser):\n        page = ProductPage(browser, \"http://selenium1py.pythonanywhere.com/catalogue/coders-at-work_207/?promo=offer0\")\n        with allure.step(\"Open Main Page\"):\n            page.open()\n        with allure.step(\"Add product to bucket\"):\n            page.add_product_to_bucket()\n        with allure.step(\"Solve quiz\"):\n            page.solve_quiz_and_get_code()\n        with allure.step('Bool tab disappeared'):\n>           page.book_tab_disappeared()\n\ntest_product_page.py:72: \n_ _ _ _ _ _ _ _ _ _ _ _ _ _ _ _ _ _ _ _ _ _ _ _ _ _ _ _ _ _ _ _ _ _ _ _ _ _ _ _\n\nself = <pytestdemo.pages.product_page.ProductPage object at 0x000001484FE94B50>\n\n    def book_tab_disappeared(self):\n>       assert self.is_disappeared(*BucketPageLocators.BOOK_ADDED), \"Add's tab doesn't disapperead\"\nE       AssertionError: Add's tab doesn't disapperead\n\npages\\product_page.py:40: AssertionError"}, "steps": [{"name": "Open Main Page", "status": "passed", "start": 1726918145634, "stop": 1726918147856}, {"name": "Add product to bucket", "status": "passed", "start": 1726918147856, "stop": 1726918147908}, {"name": "Solve quiz", "status": "passed", "start": 1726918147908, "stop": 1726918148755}, {"name": "Bool tab disappeared", "status": "failed", "statusDetails": {"message": "AssertionError: Add's tab doesn't disapperead\n", "trace": "  File \"E:\\pythonProject\\pytestdemo\\test_product_page.py\", line 72, in test_message_disappeared_after_adding_product_to_basket\n    page.book_tab_disappeared()\n  File \"E:\\pythonProject\\pytestdemo\\pages\\product_page.py\", line 40, in book_tab_disappeared\n    assert self.is_disappeared(*BucketPageLocators.BOOK_ADDED), \"Add's tab doesn't disapperead\"\n"}, "start": 1726918148755, "stop": 1726918152808}], "attachments": [{"name": "stdout", "source": "822f2ad5-f96e-4eb3-8102-08d9534d3649-attachment.txt", "type": "text/plain"}], "start": 1726918145633, "stop": 1726918152809, "uuid": "f4009d61-bfd2-46fe-b134-cf4e4c02d7b9", "historyId": "774f30df8a3fb838a68dfd6e922a93bc", "testCaseId": "774f30df8a3fb838a68dfd6e922a93bc", "fullName": "pytestdemo.test_product_page#test_message_disappeared_after_adding_product_to_basket", "labels": [{"name": "severity", "value": "normal"}, {"name": "tag", "value": "@pytest.mark.xfail"}, {"name": "parentSuite", "value": "pytestdemo"}, {"name": "suite", "value": "test_product_page"}, {"name": "host", "value": "vbosomykin"}, {"name": "thread", "value": "31456-MainThread"}, {"name": "framework", "value": "pytest"}, {"name": "language", "value": "cpython3"}, {"name": "package", "value": "pytestdemo.test_product_page"}]}