{"name": "Guest can't see success message after adding product to basket", "status": "skipped", "statusDetails": {"message": "XFAIL\n\nAssertionError: Guest doesn't see add's tab", "trace": "browser = <selenium.webdriver.chrome.webdriver.WebDriver (session=\"b7f4a2b51c0f7c4369a005edcbebd84a\")>\n\n    @allure.title(\"Guest can't see success message after adding product to basket\")\n    @allure.severity(allure.severity_level.NORMAL)\n    @pytest.mark.xfail\n    def test_guest_cant_see_success_message_after_adding_product_to_basket(browser):\n        page = ProductPage(browser,  \"http://selenium1py.pythonanywhere.com/catalogue/coders-at-work_207/?promo=offer0\")\n        with allure.step(\"Open Main Page\"):\n            page.open()\n        with allure.step(\"Add product to bucket\"):\n            page.add_product_to_bucket()\n        with allure.step(\"Solve quiz\"):\n            page.solve_quiz_and_get_code()\n        with allure.step(\"Book was added tab\"):\n>           page.book_was_added_tab()\n\npytestdemo\\test_product_page.py:49: \n_ _ _ _ _ _ _ _ _ _ _ _ _ _ _ _ _ _ _ _ _ _ _ _ _ _ _ _ _ _ _ _ _ _ _ _ _ _ _ _\n\nself = <pytestdemo.pages.product_page.ProductPage object at 0x000001A3057C7C70>\n\n    def book_was_added_tab(self):\n>       assert self.is_not_element_present(*BucketPageLocators.BOOK_ADDED), \"Guest doesn't see add's tab\"\nE       AssertionError: Guest doesn't see add's tab\n\npytestdemo\\pages\\product_page.py:36: AssertionError"}, "steps": [{"name": "Open Main Page", "status": "passed", "start": 1726998105608, "stop": 1726998107959}, {"name": "Add product to bucket", "status": "passed", "start": 1726998107959, "stop": 1726998108009}, {"name": "Solve quiz", "status": "passed", "start": 1726998108009, "stop": 1726998108903}, {"name": "Book was added tab", "status": "failed", "statusDetails": {"message": "AssertionError: Guest doesn't see add's tab\n", "trace": "  File \"E:\\pythonProject\\pytestdemo\\test_product_page.py\", line 49, in test_guest_cant_see_success_message_after_adding_product_to_basket\n    page.book_was_added_tab()\n  File \"E:\\pythonProject\\pytestdemo\\pages\\product_page.py\", line 36, in book_was_added_tab\n    assert self.is_not_element_present(*BucketPageLocators.BOOK_ADDED), \"Guest doesn't see add's tab\"\n"}, "start": 1726998108904, "stop": 1726998108913}], "attachments": [{"name": "stdout", "source": "56b29f13-a07b-45fc-a629-1d60dcc529db-attachment.txt", "type": "text/plain"}], "start": 1726998105607, "stop": 1726998108914, "uuid": "19a6c135-59da-4d01-a0dd-f8162ab74d81", "historyId": "a95876cf7f21350f8ccb6a737edc7c80", "testCaseId": "a95876cf7f21350f8ccb6a737edc7c80", "fullName": "pytestdemo.test_product_page#test_guest_cant_see_success_message_after_adding_product_to_basket", "labels": [{"name": "severity", "value": "normal"}, {"name": "tag", "value": "@pytest.mark.xfail"}, {"name": "parentSuite", "value": "pytestdemo"}, {"name": "suite", "value": "test_product_page"}, {"name": "host", "value": "vbosomykin"}, {"name": "thread", "value": "7668-MainThread"}, {"name": "framework", "value": "pytest"}, {"name": "language", "value": "cpython3"}, {"name": "package", "value": "pytestdemo.test_product_page"}]}