{"name": "Add product to basket test", "status": "broken", "statusDetails": {"message": "selenium.common.exceptions.NoSuchElementException: Message: no such element: Unable to locate element: {\"method\":\"css selector\",\"selector\":\"#content_inner > article > div.row > div.col-sm-6.product_main > p.price_color\"}\n  (Session info: chrome=128.0.6613.139)", "trace": "browser = <selenium.webdriver.chrome.webdriver.WebDriver (session=\"8e933c2c50597424b0c3d964237ea2a2\")>\nlink = 'http://selenium1py.pythonanywhere.com/catalogue/coders-at-work_207/?promo=offer8'\n\n    @allure.title(\"Add product to basket test\")\n    @allure.severity(allure.severity_level.NORMAL)\n    @pytest.mark.parametrize('link', [\"http://selenium1py.pythonanywhere.com/catalogue/coders-at-work_207/?promo=offer0\",\n                                      \"http://selenium1py.pythonanywhere.com/catalogue/coders-at-work_207/?promo=offer1\",\n                                      \"http://selenium1py.pythonanywhere.com/catalogue/coders-at-work_207/?promo=offer2\",\n                                      \"http://selenium1py.pythonanywhere.com/catalogue/coders-at-work_207/?promo=offer3\",\n                                      \"http://selenium1py.pythonanywhere.com/catalogue/coders-at-work_207/?promo=offer4\",\n                                      \"http://selenium1py.pythonanywhere.com/catalogue/coders-at-work_207/?promo=offer5\",\n                                      \"http://selenium1py.pythonanywhere.com/catalogue/coders-at-work_207/?promo=offer6\",\n                                      pytest.param(\"http://selenium1py.pythonanywhere.com/catalogue/coders-at-work_207/?promo=offer7\", marks=pytest.mark.xfail),\n                                      \"http://selenium1py.pythonanywhere.com/catalogue/coders-at-work_207/?promo=offer8\",\n                                      \"http://selenium1py.pythonanywhere.com/catalogue/coders-at-work_207/?promo=offer9\"])\n    def test_guest_can_add_product_to_basket(browser, link):\n        page = ProductPage(browser,link)\n        with allure.step(\"Open Main Page\"):\n            page.open()\n        with allure.step(\"Add product to basket\"):\n            page.add_product_to_bucket()\n        with allure.step(\"Solve quiz\"):\n            page.solve_quiz_and_get_code()\n        with allure.step(\"Book in benefit\"):\n>           page.book_in_benefit(browser)\n\ntest_product_page.py:26: \n_ _ _ _ _ _ _ _ _ _ _ _ _ _ _ _ _ _ _ _ _ _ _ _ _ _ _ _ _ _ _ _ _ _ _ _ _ _ _ _\npages\\product_page.py:32: in book_in_benefit\n    assert browser.find_element(*BucketPageLocators.BOOK_PRICE).text[:-1]>= browser.find_element(*BucketPageLocators.BENEFIT_PRICE).text[:-1], \"Wrong benefit price\"\ne:\\project2\\venv\\lib\\site-packages\\selenium\\webdriver\\remote\\webdriver.py:976: in find_element\n    return self.execute(Command.FIND_ELEMENT, {\ne:\\project2\\venv\\lib\\site-packages\\selenium\\webdriver\\remote\\webdriver.py:321: in execute\n    self.error_handler.check_response(response)\n_ _ _ _ _ _ _ _ _ _ _ _ _ _ _ _ _ _ _ _ _ _ _ _ _ _ _ _ _ _ _ _ _ _ _ _ _ _ _ _\n\nself = <selenium.webdriver.remote.errorhandler.ErrorHandler object at 0x0000023A1A356C40>\nresponse = {'status': 404, 'value': '{\"value\":{\"error\":\"no such element\",\"message\":\"no such element: Unable to locate element: {\\...07FF6D8BDA3FF]\\\\n\\\\tBaseThreadInitThunk [0x00007FFA48967374+20]\\\\n\\\\tRtlUserThreadStart [0x00007FFA48F5CC91+33]\\\\n\"}}'}\n\n    def check_response(self, response):\n        \"\"\"\n        Checks that a JSON response from the WebDriver does not have an error.\n    \n        :Args:\n         - response - The JSON response from the WebDriver server as a dictionary\n           object.\n    \n        :Raises: If the response contains an error message.\n        \"\"\"\n        status = response.get('status', None)\n        if status is None or status == ErrorCode.SUCCESS:\n            return\n        value = None\n        message = response.get(\"message\", \"\")\n        screen = response.get(\"screen\", \"\")\n        stacktrace = None\n        if isinstance(status, int):\n            value_json = response.get('value', None)\n            if value_json and isinstance(value_json, basestring):\n                import json\n                try:\n                    value = json.loads(value_json)\n                    if len(value.keys()) == 1:\n                        value = value['value']\n                    status = value.get('error', None)\n                    if status is None:\n                        status = value[\"status\"]\n                        message = value[\"value\"]\n                        if not isinstance(message, basestring):\n                            value = message\n                            message = message.get('message')\n                    else:\n                        message = value.get('message', None)\n                except ValueError:\n                    pass\n    \n        exception_class = ErrorInResponseException\n        if status in ErrorCode.NO_SUCH_ELEMENT:\n            exception_class = NoSuchElementException\n        elif status in ErrorCode.NO_SUCH_FRAME:\n            exception_class = NoSuchFrameException\n        elif status in ErrorCode.NO_SUCH_WINDOW:\n            exception_class = NoSuchWindowException\n        elif status in ErrorCode.STALE_ELEMENT_REFERENCE:\n            exception_class = StaleElementReferenceException\n        elif status in ErrorCode.ELEMENT_NOT_VISIBLE:\n            exception_class = ElementNotVisibleException\n        elif status in ErrorCode.INVALID_ELEMENT_STATE:\n            exception_class = InvalidElementStateException\n        elif status in ErrorCode.INVALID_SELECTOR \\\n                or status in ErrorCode.INVALID_XPATH_SELECTOR \\\n                or status in ErrorCode.INVALID_XPATH_SELECTOR_RETURN_TYPER:\n            exception_class = InvalidSelectorException\n        elif status in ErrorCode.ELEMENT_IS_NOT_SELECTABLE:\n            exception_class = ElementNotSelectableException\n        elif status in ErrorCode.ELEMENT_NOT_INTERACTABLE:\n            exception_class = ElementNotInteractableException\n        elif status in ErrorCode.INVALID_COOKIE_DOMAIN:\n            exception_class = InvalidCookieDomainException\n        elif status in ErrorCode.UNABLE_TO_SET_COOKIE:\n            exception_class = UnableToSetCookieException\n        elif status in ErrorCode.TIMEOUT:\n            exception_class = TimeoutException\n        elif status in ErrorCode.SCRIPT_TIMEOUT:\n            exception_class = TimeoutException\n        elif status in ErrorCode.UNKNOWN_ERROR:\n            exception_class = WebDriverException\n        elif status in ErrorCode.UNEXPECTED_ALERT_OPEN:\n            exception_class = UnexpectedAlertPresentException\n        elif status in ErrorCode.NO_ALERT_OPEN:\n            exception_class = NoAlertPresentException\n        elif status in ErrorCode.IME_NOT_AVAILABLE:\n            exception_class = ImeNotAvailableException\n        elif status in ErrorCode.IME_ENGINE_ACTIVATION_FAILED:\n            exception_class = ImeActivationFailedException\n        elif status in ErrorCode.MOVE_TARGET_OUT_OF_BOUNDS:\n            exception_class = MoveTargetOutOfBoundsException\n        elif status in ErrorCode.JAVASCRIPT_ERROR:\n            exception_class = JavascriptException\n        elif status in ErrorCode.SESSION_NOT_CREATED:\n            exception_class = SessionNotCreatedException\n        elif status in ErrorCode.INVALID_ARGUMENT:\n            exception_class = InvalidArgumentException\n        elif status in ErrorCode.NO_SUCH_COOKIE:\n            exception_class = NoSuchCookieException\n        elif status in ErrorCode.UNABLE_TO_CAPTURE_SCREEN:\n            exception_class = ScreenshotException\n        elif status in ErrorCode.ELEMENT_CLICK_INTERCEPTED:\n            exception_class = ElementClickInterceptedException\n        elif status in ErrorCode.INSECURE_CERTIFICATE:\n            exception_class = InsecureCertificateException\n        elif status in ErrorCode.INVALID_COORDINATES:\n            exception_class = InvalidCoordinatesException\n        elif status in ErrorCode.INVALID_SESSION_ID:\n            exception_class = InvalidSessionIdException\n        elif status in ErrorCode.UNKNOWN_METHOD:\n            exception_class = UnknownMethodException\n        else:\n            exception_class = WebDriverException\n        if value == '' or value is None:\n            value = response['value']\n        if isinstance(value, basestring):\n            if exception_class == ErrorInResponseException:\n                raise exception_class(response, value)\n            raise exception_class(value)\n        if message == \"\" and 'message' in value:\n            message = value['message']\n    \n        screen = None\n        if 'screen' in value:\n            screen = value['screen']\n    \n        stacktrace = None\n        if 'stackTrace' in value and value['stackTrace']:\n            stacktrace = []\n            try:\n                for frame in value['stackTrace']:\n                    line = self._value_or_default(frame, 'lineNumber', '')\n                    file = self._value_or_default(frame, 'fileName', '<anonymous>')\n                    if line:\n                        file = \"%s:%s\" % (file, line)\n                    meth = self._value_or_default(frame, 'methodName', '<anonymous>')\n                    if 'className' in frame:\n                        meth = \"%s.%s\" % (frame['className'], meth)\n                    msg = \"    at %s (%s)\"\n                    msg = msg % (meth, file)\n                    stacktrace.append(msg)\n            except TypeError:\n                pass\n        if exception_class == ErrorInResponseException:\n            raise exception_class(response, message)\n        elif exception_class == UnexpectedAlertPresentException:\n            alert_text = None\n            if 'data' in value:\n                alert_text = value['data'].get('text')\n            elif 'alert' in value:\n                alert_text = value['alert'].get('text')\n            raise exception_class(message, screen, stacktrace, alert_text)\n>       raise exception_class(message, screen, stacktrace)\nE       selenium.common.exceptions.NoSuchElementException: Message: no such element: Unable to locate element: {\"method\":\"css selector\",\"selector\":\"#content_inner > article > div.row > div.col-sm-6.product_main > p.price_color\"}\nE         (Session info: chrome=128.0.6613.139)\n\ne:\\project2\\venv\\lib\\site-packages\\selenium\\webdriver\\remote\\errorhandler.py:242: NoSuchElementException"}, "steps": [{"name": "Open Main Page", "status": "passed", "start": 1726917570762, "stop": 1726917573224}, {"name": "Add product to basket", "status": "passed", "start": 1726917573224, "stop": 1726917573279}, {"name": "Solve quiz", "status": "passed", "start": 1726917573279, "stop": 1726917573828}, {"name": "Book in benefit", "status": "broken", "statusDetails": {"message": "selenium.common.exceptions.NoSuchElementException: Message: no such element: Unable to locate element: {\"method\":\"css selector\",\"selector\":\"#content_inner > article > div.row > div.col-sm-6.product_main > p.price_color\"}\n  (Session info: chrome=128.0.6613.139)\n\n", "trace": "  File \"E:\\pythonProject\\pytestdemo\\test_product_page.py\", line 26, in test_guest_can_add_product_to_basket\n    page.book_in_benefit(browser)\n  File \"E:\\pythonProject\\pytestdemo\\pages\\product_page.py\", line 32, in book_in_benefit\n    assert browser.find_element(*BucketPageLocators.BOOK_PRICE).text[:-1]>= browser.find_element(*BucketPageLocators.BENEFIT_PRICE).text[:-1], \"Wrong benefit price\"\n  File \"e:\\project2\\venv\\lib\\site-packages\\selenium\\webdriver\\remote\\webdriver.py\", line 976, in find_element\n    return self.execute(Command.FIND_ELEMENT, {\n  File \"e:\\project2\\venv\\lib\\site-packages\\selenium\\webdriver\\remote\\webdriver.py\", line 321, in execute\n    self.error_handler.check_response(response)\n  File \"e:\\project2\\venv\\lib\\site-packages\\selenium\\webdriver\\remote\\errorhandler.py\", line 242, in check_response\n    raise exception_class(message, screen, stacktrace)\n"}, "start": 1726917573828, "stop": 1726917583872}], "attachments": [{"name": "stdout", "source": "65a73713-2c11-4761-8521-63c5173d3df9-attachment.txt", "type": "text/plain"}], "parameters": [{"name": "link", "value": "'http://selenium1py.pythonanywhere.com/catalogue/coders-at-work_207/?promo=offer8'"}], "start": 1726917570760, "stop": 1726917583873, "uuid": "11207931-4503-4b1b-b690-69675dee528a", "historyId": "b57e0196eb8e8c246a9a4bb8c216ada0", "testCaseId": "2f27cee4ae05d309a040ca27fcac198b", "fullName": "pytestdemo.test_product_page#test_guest_can_add_product_to_basket", "labels": [{"name": "severity", "value": "normal"}, {"name": "parentSuite", "value": "pytestdemo"}, {"name": "suite", "value": "test_product_page"}, {"name": "host", "value": "vbosomykin"}, {"name": "thread", "value": "15240-MainThread"}, {"name": "framework", "value": "pytest"}, {"name": "language", "value": "cpython3"}, {"name": "package", "value": "pytestdemo.test_product_page"}]}