{"name": "Message disappeared after adding product to basket", "status": "skipped", "statusDetails": {"message": "XFAIL\n\nAssertionError: Add's tab doesn't disapperead", "trace": "browser = <selenium.webdriver.chrome.webdriver.WebDriver (session=\"f462c11444cb7919db214085f7373c06\")>\n\n    @allure.title(\"Message disappeared after adding product to basket\")\n    @allure.severity(allure.severity_level.NORMAL)\n    @pytest.mark.xfail\n    def test_message_disappeared_after_adding_product_to_basket(browser):\n        page = ProductPage(browser, \"http://selenium1py.pythonanywhere.com/catalogue/coders-at-work_207/?promo=offer0\")\n        with allure.step(\"Open Main Page\"):\n            page.open()\n        with allure.step(\"Add product to bucket\"):\n            page.add_product_to_bucket()\n        with allure.step(\"Solve quiz\"):\n            page.solve_quiz_and_get_code()\n        with allure.step('Bool tab disappeared'):\n>           page.book_tab_disappeared()\n\ntest_product_page.py:72: \n_ _ _ _ _ _ _ _ _ _ _ _ _ _ _ _ _ _ _ _ _ _ _ _ _ _ _ _ _ _ _ _ _ _ _ _ _ _ _ _\n\nself = <pytestdemo.pages.product_page.ProductPage object at 0x0000026749293B50>\n\n    def book_tab_disappeared(self):\n>       assert self.is_disappeared(*BucketPageLocators.BOOK_ADDED), \"Add's tab doesn't disapperead\"\nE       AssertionError: Add's tab doesn't disapperead\n\npages\\product_page.py:40: AssertionError"}, "steps": [{"name": "Open Main Page", "status": "passed", "start": 1726917864594, "stop": 1726917867006}, {"name": "Add product to bucket", "status": "passed", "start": 1726917867006, "stop": 1726917867058}, {"name": "Solve quiz", "status": "passed", "start": 1726917867058, "stop": 1726917867912}, {"name": "Bool tab disappeared", "status": "failed", "statusDetails": {"message": "AssertionError: Add's tab doesn't disapperead\n", "trace": "  File \"E:\\pythonProject\\pytestdemo\\test_product_page.py\", line 72, in test_message_disappeared_after_adding_product_to_basket\n    page.book_tab_disappeared()\n  File \"E:\\pythonProject\\pytestdemo\\pages\\product_page.py\", line 40, in book_tab_disappeared\n    assert self.is_disappeared(*BucketPageLocators.BOOK_ADDED), \"Add's tab doesn't disapperead\"\n"}, "start": 1726917867912, "stop": 1726917871988}], "attachments": [{"name": "stdout", "source": "4d9f32e1-93ab-47c2-a370-4974e5d68678-attachment.txt", "type": "text/plain"}], "start": 1726917864592, "stop": 1726917871989, "uuid": "07618f59-61b9-447b-b3f7-7a44fd3e2e9c", "historyId": "774f30df8a3fb838a68dfd6e922a93bc", "testCaseId": "774f30df8a3fb838a68dfd6e922a93bc", "fullName": "pytestdemo.test_product_page#test_message_disappeared_after_adding_product_to_basket", "labels": [{"name": "severity", "value": "normal"}, {"name": "tag", "value": "@pytest.mark.xfail"}, {"name": "parentSuite", "value": "pytestdemo"}, {"name": "suite", "value": "test_product_page"}, {"name": "host", "value": "vbosomykin"}, {"name": "thread", "value": "17176-MainThread"}, {"name": "framework", "value": "pytest"}, {"name": "language", "value": "cpython3"}, {"name": "package", "value": "pytestdemo.test_product_page"}]}