{"name": "Guest can't see success message after adding product to basket", "status": "skipped", "statusDetails": {"message": "XFAIL\n\nAssertionError: Guest doesn't see add's tab", "trace": "browser = <selenium.webdriver.chrome.webdriver.WebDriver (session=\"c22d55d3189ecae60e66d6d3b037a289\")>\n\n    @allure.title(\"Guest can't see success message after adding product to basket\")\n    @allure.severity(allure.severity_level.NORMAL)\n    @pytest.mark.xfail\n    def test_guest_cant_see_success_message_after_adding_product_to_basket(browser):\n        page = ProductPage(browser,  \"http://selenium1py.pythonanywhere.com/catalogue/coders-at-work_207/?promo=offer0\")\n        with allure.step(\"Open Main Page\"):\n            page.open()\n        with allure.step(\"Add product to bucket\"):\n            page.add_product_to_bucket()\n        with allure.step(\"Solve quiz\"):\n            page.solve_quiz_and_get_code()\n        with allure.step(\"Book was added tab\"):\n>           page.book_was_added_tab()\n\ntest_product_page.py:49: \n_ _ _ _ _ _ _ _ _ _ _ _ _ _ _ _ _ _ _ _ _ _ _ _ _ _ _ _ _ _ _ _ _ _ _ _ _ _ _ _\n\nself = <pytestdemo.pages.product_page.ProductPage object at 0x000001BDEDA4DD30>\n\n    def book_was_added_tab(self):\n>       assert self.is_not_element_present(*BucketPageLocators.BOOK_ADDED), \"Guest doesn't see add's tab\"\nE       AssertionError: Guest doesn't see add's tab\n\npages\\product_page.py:35: AssertionError"}, "steps": [{"name": "Open Main Page", "status": "passed", "start": 1727536052714, "stop": 1727536064058}, {"name": "Add product to bucket", "status": "passed", "start": 1727536064058, "stop": 1727536064125}, {"name": "Solve quiz", "status": "passed", "start": 1727536064125, "stop": 1727536074991}, {"name": "Book was added tab", "status": "failed", "statusDetails": {"message": "AssertionError: Guest doesn't see add's tab\n", "trace": "  File \"E:\\pythonProject\\pytestdemo\\test_product_page.py\", line 49, in test_guest_cant_see_success_message_after_adding_product_to_basket\n    page.book_was_added_tab()\n  File \"E:\\pythonProject\\pytestdemo\\pages\\product_page.py\", line 35, in book_was_added_tab\n    assert self.is_not_element_present(*BucketPageLocators.BOOK_ADDED), \"Guest doesn't see add's tab\"\n"}, "start": 1727536074991, "stop": 1727536075003}], "attachments": [{"name": "stdout", "source": "8ee43a30-d20c-43df-b97b-7746ce04640c-attachment.txt", "type": "text/plain"}], "start": 1727536052712, "stop": 1727536075004, "uuid": "2f3d30f8-fec2-4474-8c6a-9ffa78ebc2a6", "historyId": "1c8a9198cae72a413cddcfb1096300dc", "testCaseId": "1c8a9198cae72a413cddcfb1096300dc", "fullName": "test_product_page#test_guest_cant_see_success_message_after_adding_product_to_basket", "labels": [{"name": "severity", "value": "normal"}, {"name": "tag", "value": "@pytest.mark.xfail"}, {"name": "suite", "value": "test_product_page"}, {"name": "host", "value": "vbosomykin"}, {"name": "thread", "value": "21776-MainThread"}, {"name": "framework", "value": "pytest"}, {"name": "language", "value": "cpython3"}, {"name": "package", "value": "test_product_page"}]}